
Magic 8.3 revision 93 - Compiled on Tue Dec 15 21:49:14 UTC 2020.
Starting magic under Tcl interpreter
Using the terminal as the console.
Using NULL graphics device.
Processing system .magicrc file
Sourcing design .magicrc for technology sky130A ...
2 Magic internal units = 1 Lambda
Input style sky130: scaleFactor=2, multiplier=2
Scaled tech values by 2 / 1 to match internal grid scaling
Loading sky130A Device Generator Menu ...
Loading "/usr/local/bin/drc_checks/magic_drc_check.tcl" from command line.
caravel: 10000 rects
caravel: 20000 rects
caravel: 30000 rects
caravel: 40000 rects
caravel: 50000 rects
caravel: 60000 rects
caravel: 70000 rects
caravel: 80000 rects
[INFO]: Loading caravel

Warning: Calma reading is not undoable!  I hope that's OK.
Library written using GDS-II Release 6.0
Library name: user_project_wrapper
Reading "sky130_fd_sc_hd__nand2_4".
Error while reading cell "sky130_fd_sc_hd__nand2_4" (byte position 150): Unknown layer/datatype in boundary, layer=236 type=0
Reading "sky130_fd_sc_hd__diode_2".
Error while reading cell "sky130_fd_sc_hd__diode_2" (byte position 7800): Unknown layer/datatype in boundary, layer=236 type=0
Reading "sky130_fd_sc_hd__inv_2".
Error while reading cell "sky130_fd_sc_hd__inv_2" (byte position 11308): Unknown layer/datatype in boundary, layer=236 type=0
Reading "sky130_fd_sc_hd__clkbuf_1".
Error while reading cell "sky130_fd_sc_hd__clkbuf_1" (byte position 15126): Unknown layer/datatype in boundary, layer=236 type=0
Reading "sky130_fd_sc_hd__a211o_4".
Error while reading cell "sky130_fd_sc_hd__a211o_4" (byte position 18944): Unknown layer/datatype in boundary, layer=236 type=0
Reading "sky130_fd_sc_hd__o22a_4".
Error while reading cell "sky130_fd_sc_hd__o22a_4" (byte position 28072): Unknown layer/datatype in boundary, layer=236 type=0
Reading "sky130_fd_sc_hd__decap_3".
Error while reading cell "sky130_fd_sc_hd__decap_3" (byte position 37766): Unknown layer/datatype in boundary, layer=236 type=0
Reading "sky130_fd_sc_hd__a2111o_4".
Error while reading cell "sky130_fd_sc_hd__a2111o_4" (byte position 40442): Unknown layer/datatype in boundary, layer=236 type=0
Reading "sky130_fd_sc_hd__o32a_4".
Error while reading cell "sky130_fd_sc_hd__o32a_4" (byte position 52864): Unknown layer/datatype in boundary, layer=236 type=0
Reading "sky130_fd_sc_hd__a32o_4".
Error while reading cell "sky130_fd_sc_hd__a32o_4" (byte position 65180): Unknown layer/datatype in boundary, layer=236 type=0
Reading "sky130_fd_sc_hd__and2_4".
Error while reading cell "sky130_fd_sc_hd__and2_4" (byte position 77384): Unknown layer/datatype in boundary, layer=236 type=0
Reading "sky130_fd_sc_hd__decap_4".
Error while reading cell "sky130_fd_sc_hd__decap_4" (byte position 83138): Unknown layer/datatype in boundary, layer=236 type=0
Reading "sky130_fd_sc_hd__and3_4".
Error while reading cell "sky130_fd_sc_hd__and3_4" (byte position 85940): Unknown layer/datatype in boundary, layer=236 type=0
Reading "sky130_fd_sc_hd__and4_4".
Error while reading cell "sky130_fd_sc_hd__and4_4" (byte position 92844): Unknown layer/datatype in boundary, layer=236 type=0
Reading "sky130_fd_sc_hd__decap_6".
Error while reading cell "sky130_fd_sc_hd__decap_6" (byte position 100302): Unknown layer/datatype in boundary, layer=236 type=0
Reading "user_project_wrapper".
Warning:  cell user_project_wrapper already existed before reading GDS!
Using pre-existing cell definition
Reading "sky130_fd_sc_hd__a2bb2o_4".
Error while reading cell "sky130_fd_sc_hd__a2bb2o_4" (byte position 174794270): Unknown layer/datatype in boundary, layer=236 type=0
Reading "sky130_fd_sc_hd__dfrtp_4".
Error while reading cell "sky130_fd_sc_hd__dfrtp_4" (byte position 174805742): Unknown layer/datatype in boundary, layer=236 type=0
Reading "sky130_fd_sc_hd__tapvpwrvgnd_1".
Reading "sky130_fd_sc_hd__nor2_4".
Error while reading cell "sky130_fd_sc_hd__nor2_4" (byte position 174825356): Unknown layer/datatype in boundary, layer=236 type=0
Reading "sky130_fd_sc_hd__decap_8".
Error while reading cell "sky130_fd_sc_hd__decap_8" (byte position 174832470): Unknown layer/datatype in boundary, layer=236 type=0
Reading "sky130_fd_sc_hd__o21a_4".
Error while reading cell "sky130_fd_sc_hd__o21a_4" (byte position 174836008): Unknown layer/datatype in boundary, layer=236 type=0
Reading "sky130_fd_sc_hd__a21o_4".
Error while reading cell "sky130_fd_sc_hd__a21o_4" (byte position 174844000): Unknown layer/datatype in boundary, layer=236 type=0
Reading "sky130_fd_sc_hd__or2_4".
Error while reading cell "sky130_fd_sc_hd__or2_4" (byte position 174852230): Unknown layer/datatype in boundary, layer=236 type=0
Reading "sky130_fd_sc_hd__buf_2".
Error while reading cell "sky130_fd_sc_hd__buf_2" (byte position 174857998): Unknown layer/datatype in boundary, layer=236 type=0
Reading "sky130_fd_sc_hd__a21oi_4".
Error while reading cell "sky130_fd_sc_hd__a21oi_4" (byte position 174862502): Unknown layer/datatype in boundary, layer=236 type=0
Reading "sky130_fd_sc_hd__o21ai_4".
Error while reading cell "sky130_fd_sc_hd__o21ai_4" (byte position 174871104): Unknown layer/datatype in boundary, layer=236 type=0
Reading "sky130_fd_sc_hd__or3_4".
Error while reading cell "sky130_fd_sc_hd__or3_4" (byte position 174879224): Unknown layer/datatype in boundary, layer=236 type=0
Reading "sky130_fd_sc_hd__decap_12".
Error while reading cell "sky130_fd_sc_hd__decap_12" (byte position 174886352): Unknown layer/datatype in boundary, layer=236 type=0
Reading "sky130_fd_sc_hd__fill_1".
Reading "sky130_fd_sc_hd__a21bo_4".
Error while reading cell "sky130_fd_sc_hd__a21bo_4" (byte position 174891806): Unknown layer/datatype in boundary, layer=236 type=0
Reading "sky130_fd_sc_hd__a22oi_4".
Error while reading cell "sky130_fd_sc_hd__a22oi_4" (byte position 174900122): Unknown layer/datatype in boundary, layer=236 type=0
Reading "sky130_fd_sc_hd__fill_2".
Reading "sky130_fd_sc_hd__or4_4".
Error while reading cell "sky130_fd_sc_hd__or4_4" (byte position 174913616): Unknown layer/datatype in boundary, layer=236 type=0
Reading "sky130_fd_sc_hd__dfxtp_4".
Error while reading cell "sky130_fd_sc_hd__dfxtp_4" (byte position 174920930): Unknown layer/datatype in boundary, layer=236 type=0
Reading "sky130_fd_sc_hd__conb_1".
Error while reading cell "sky130_fd_sc_hd__conb_1" (byte position 174935092): Unknown layer/datatype in boundary, layer=236 type=0
Reading "sky130_fd_sc_hd__clkbuf_16".
Error while reading cell "sky130_fd_sc_hd__clkbuf_16" (byte position 174938466): Unknown layer/datatype in boundary, layer=236 type=0
user_project_wrapper: 10000 rects
user_project_wrapper: 20000 rects
user_project_wrapper: 30000 rects
user_project_wrapper: 40000 rects
user_project_wrapper: 50000 rects
user_project_wrapper: 60000 rects
user_project_wrapper: 70000 rects
user_project_wrapper: 80000 rects
user_project_wrapper: 90000 rects
user_project_wrapper: 100000 rects
user_project_wrapper: 110000 rects
user_project_wrapper: 120000 rects
user_project_wrapper: 130000 rects
user_project_wrapper: 140000 rects
user_project_wrapper: 150000 rects
user_project_wrapper: 160000 rects
user_project_wrapper: 170000 rects
user_project_wrapper: 180000 rects
user_project_wrapper: 190000 rects
user_project_wrapper: 200000 rects
user_project_wrapper: 210000 rects
user_project_wrapper: 220000 rects
user_project_wrapper: 230000 rects
user_project_wrapper: 240000 rects
user_project_wrapper: 250000 rects
user_project_wrapper: 260000 rects
user_project_wrapper: 270000 rects
user_project_wrapper: 280000 rects
user_project_wrapper: 290000 rects
user_project_wrapper: 300000 rects
user_project_wrapper: 310000 rects
user_project_wrapper: 320000 rects
user_project_wrapper: 330000 rects
user_project_wrapper: 340000 rects
user_project_wrapper: 350000 rects
user_project_wrapper: 360000 rects
user_project_wrapper: 370000 rects
user_project_wrapper: 380000 rects
user_project_wrapper: 390000 rects
user_project_wrapper: 400000 rects
user_project_wrapper: 410000 rects
user_project_wrapper: 420000 rects
user_project_wrapper: 430000 rects
user_project_wrapper: 440000 rects
user_project_wrapper: 450000 rects
user_project_wrapper: 460000 rects
user_project_wrapper: 470000 rects
user_project_wrapper: 480000 rects
user_project_wrapper: 490000 rects
user_project_wrapper: 500000 rects
user_project_wrapper: 510000 rects
user_project_wrapper: 520000 rects
user_project_wrapper: 530000 rects
user_project_wrapper: 540000 rects
user_project_wrapper: 550000 rects
user_project_wrapper: 560000 rects
user_project_wrapper: 570000 rects
user_project_wrapper: 580000 rects
user_project_wrapper: 590000 rects
user_project_wrapper: 600000 rects
user_project_wrapper: 610000 rects
user_project_wrapper: 620000 rects
user_project_wrapper: 630000 rects
user_project_wrapper: 640000 rects
user_project_wrapper: 650000 rects
user_project_wrapper: 660000 rects
user_project_wrapper: 670000 rects
user_project_wrapper: 680000 rects
user_project_wrapper: 690000 rects
user_project_wrapper: 700000 rects
user_project_wrapper: 710000 rects
user_project_wrapper: 720000 rects
user_project_wrapper: 730000 rects
user_project_wrapper: 740000 rects
user_project_wrapper: 750000 rects
user_project_wrapper: 760000 rects
user_project_wrapper: 770000 rects
user_project_wrapper: 780000 rects
user_project_wrapper: 790000 rects
user_project_wrapper: 800000 rects
user_project_wrapper: 810000 rects
user_project_wrapper: 820000 rects
user_project_wrapper: 830000 rects
user_project_wrapper: 840000 rects
user_project_wrapper: 850000 rects
user_project_wrapper: 860000 rects
user_project_wrapper: 870000 rects
user_project_wrapper: 880000 rects
user_project_wrapper: 890000 rects
user_project_wrapper: 900000 rects
user_project_wrapper: 910000 rects
user_project_wrapper: 920000 rects
user_project_wrapper: 930000 rects
user_project_wrapper: 940000 rects
user_project_wrapper: 950000 rects
user_project_wrapper: 960000 rects
user_project_wrapper: 970000 rects
user_project_wrapper: 980000 rects
user_project_wrapper: 990000 rects
user_project_wrapper: 1000000 rects
user_project_wrapper: 1010000 rects
user_project_wrapper: 1020000 rects
user_project_wrapper: 1030000 rects
user_project_wrapper: 1040000 rects
user_project_wrapper: 1050000 rects
user_project_wrapper: 1060000 rects
user_project_wrapper: 1070000 rects
user_project_wrapper: 1080000 rects
user_project_wrapper: 1090000 rects
user_project_wrapper: 1100000 rects
user_project_wrapper: 1110000 rects
user_project_wrapper: 1120000 rects
user_project_wrapper: 1130000 rects
user_project_wrapper: 1140000 rects
user_project_wrapper: 1150000 rects
user_project_wrapper: 1160000 rects
user_project_wrapper: 1170000 rects
user_project_wrapper: 1180000 rects
user_project_wrapper: 1190000 rects
user_project_wrapper: 1200000 rects
user_project_wrapper: 1210000 rects
user_project_wrapper: 1220000 rects
user_project_wrapper: 1230000 rects
user_project_wrapper: 1240000 rects
user_project_wrapper: 1250000 rects
user_project_wrapper: 1260000 rects
user_project_wrapper: 1270000 rects
user_project_wrapper: 1280000 rects
user_project_wrapper: 1290000 rects
user_project_wrapper: 1300000 rects
user_project_wrapper: 1310000 rects
user_project_wrapper: 1320000 rects
user_project_wrapper: 1330000 rects
user_project_wrapper: 1340000 rects
user_project_wrapper: 1350000 rects
user_project_wrapper: 1360000 rects
user_project_wrapper: 1370000 rects
user_project_wrapper: 1380000 rects
user_project_wrapper: 1390000 rects
user_project_wrapper: 1400000 rects
user_project_wrapper: 1410000 rects
user_project_wrapper: 1420000 rects
user_project_wrapper: 1430000 rects
user_project_wrapper: 1440000 rects
user_project_wrapper: 1450000 rects
user_project_wrapper: 1460000 rects
user_project_wrapper: 1470000 rects
user_project_wrapper: 1480000 rects
user_project_wrapper: 1490000 rects
user_project_wrapper: 1500000 rects
user_project_wrapper: 1510000 rects
user_project_wrapper: 1520000 rects
user_project_wrapper: 1530000 rects
user_project_wrapper: 1540000 rects
user_project_wrapper: 1550000 rects
user_project_wrapper: 1560000 rects
user_project_wrapper: 1570000 rects
user_project_wrapper: 1580000 rects
user_project_wrapper: 1590000 rects
user_project_wrapper: 1600000 rects
user_project_wrapper: 1610000 rects
user_project_wrapper: 1620000 rects
user_project_wrapper: 1630000 rects
user_project_wrapper: 1640000 rects
user_project_wrapper: 1650000 rects
user_project_wrapper: 1660000 rects
user_project_wrapper: 1670000 rects
user_project_wrapper: 1680000 rects
user_project_wrapper: 1690000 rects
user_project_wrapper: 1700000 rects
user_project_wrapper: 1710000 rects
user_project_wrapper: 1720000 rects
user_project_wrapper: 1730000 rects
user_project_wrapper: 1740000 rects
user_project_wrapper: 1750000 rects
user_project_wrapper: 1760000 rects
user_project_wrapper: 1770000 rects
user_project_wrapper: 1780000 rects
user_project_wrapper: 1790000 rects
user_project_wrapper: 1800000 rects
user_project_wrapper: 1810000 rects
user_project_wrapper: 1820000 rects
user_project_wrapper: 1830000 rects
user_project_wrapper: 1840000 rects
user_project_wrapper: 1850000 rects
user_project_wrapper: 1860000 rects
user_project_wrapper: 1870000 rects
user_project_wrapper: 1880000 rects
user_project_wrapper: 1890000 rects
user_project_wrapper: 1900000 rects
user_project_wrapper: 1910000 rects
user_project_wrapper: 1920000 rects
user_project_wrapper: 1930000 rects
user_project_wrapper: 1940000 rects
user_project_wrapper: 1950000 rects
user_project_wrapper: 1960000 rects
user_project_wrapper: 1970000 rects
user_project_wrapper: 1980000 rects
user_project_wrapper: 1990000 rects
user_project_wrapper: 2000000 rects
user_project_wrapper: 2010000 rects
user_project_wrapper: 2020000 rects
user_project_wrapper: 2030000 rects
user_project_wrapper: 2040000 rects
user_project_wrapper: 2050000 rects
user_project_wrapper: 2060000 rects
user_project_wrapper: 2070000 rects
user_project_wrapper: 2080000 rects
user_project_wrapper: 2090000 rects
user_project_wrapper: 2100000 rects
user_project_wrapper: 2110000 rects
user_project_wrapper: 2120000 rects
user_project_wrapper: 2130000 rects
user_project_wrapper: 2140000 rects
user_project_wrapper: 2150000 rects
user_project_wrapper: 2160000 rects
user_project_wrapper: 2170000 rects
user_project_wrapper: 2180000 rects
user_project_wrapper: 2190000 rects
user_project_wrapper: 2200000 rects
user_project_wrapper: 2210000 rects
user_project_wrapper: 2220000 rects
user_project_wrapper: 2230000 rects
user_project_wrapper: 2240000 rects
user_project_wrapper: 2250000 rects
user_project_wrapper: 2260000 rects
user_project_wrapper: 2270000 rects
user_project_wrapper: 2280000 rects
user_project_wrapper: 2290000 rects
user_project_wrapper: 2300000 rects
user_project_wrapper: 2310000 rects
user_project_wrapper: 2320000 rects
user_project_wrapper: 2330000 rects
user_project_wrapper: 2340000 rects
user_project_wrapper: 2350000 rects
user_project_wrapper: 2360000 rects
user_project_wrapper: 2370000 rects
user_project_wrapper: 2380000 rects
user_project_wrapper: 2390000 rects
user_project_wrapper: 2400000 rects
user_project_wrapper: 2410000 rects
user_project_wrapper: 2420000 rects
user_project_wrapper: 2430000 rects
user_project_wrapper: 2440000 rects
user_project_wrapper: 2450000 rects
user_project_wrapper: 2460000 rects
user_project_wrapper: 2470000 rects
user_project_wrapper: 2480000 rects
user_project_wrapper: 2490000 rects
user_project_wrapper: 2500000 rects
user_project_wrapper: 2510000 rects
user_project_wrapper: 2520000 rects
user_project_wrapper: 2530000 rects
user_project_wrapper: 2540000 rects
user_project_wrapper: 2550000 rects
user_project_wrapper: 2560000 rects
user_project_wrapper: 2570000 rects
user_project_wrapper: 2580000 rects
user_project_wrapper: 2590000 rects
user_project_wrapper: 2600000 rects
user_project_wrapper: 2610000 rects
Processing timestamp mismatches: user_project_wrapper.
chip_io: 10000 rects
user_proj_example: 10000 rects
user_proj_example: 20000 rects
user_proj_example: 30000 rects
user_proj_example: 40000 rects
user_proj_example: 50000 rects
user_proj_example: 60000 rects
user_proj_example: 70000 rects
user_proj_example: 80000 rects
user_proj_example: 90000 rects
user_proj_example: 100000 rects
Processing timestamp mismatches: sky130_fd_sc_hd__buf_4, user_proj_example, sky130_fd_sc_hd__decap_3, sky130_fd_sc_hd__decap_4, sky130_fd_sc_hd__fill_1, sky130_fd_sc_hd__tapvpwrvgnd_1, sky130_fd_sc_hd__decap_12, sky130_fd_sc_hd__decap_6, sky130_fd_sc_hd__fill_2, sky130_fd_sc_hd__conb_1, sky130_fd_sc_hd__decap_8, sky130_fd_sc_hd__buf_2, sky130_fd_sc_hd__inv_2, sky130_fd_sc_hd__or2_4, sky130_fd_sc_hd__and2_4, sky130_fd_sc_hd__or3_4, sky130_fd_sc_hd__nand2_4, sky130_fd_sc_hd__dfxtp_4, sky130_fd_sc_hd__and3_4, sky130_fd_sc_hd__nor2_4, sky130_fd_sc_hd__clkbuf_1, sky130_fd_sc_hd__a21bo_4, sky130_fd_sc_hd__a2bb2o_4, sky130_fd_sc_hd__a211o_4, sky130_fd_sc_hd__o22a_4, sky130_fd_sc_hd__o21ai_4, sky130_fd_sc_hd__a21o_4, sky130_fd_sc_hd__a32o_4, sky130_fd_sc_hd__or4_4, sky130_fd_sc_hd__clkbuf_16, sky130_fd_sc_hd__diode_2, chip_io, mgmt_protect, user_id_programming, storage, mgmt_core, sky130_fd_sc_hvl__lsbufhv2lv_1_wrapped, simple_por, gpio_control_block.
DRC style is now "drc(full)"
Loading DRC CIF style.
[INFO]: COUNT: 75
[INFO]: Should be divided by 3 or 4
[INFO]: DRC Checking DONE (/mnt/md0/for_prod/caravel_riscv_osu/checks/caravel.magic.drc)
[INFO]: Saving mag view with DRC errors(/mnt/md0/for_prod/caravel_riscv_osu/checks/caravel.magic.drc.mag)
[INFO]: Saved
