FULL RUN LOG:
SPDX NON-COMPLIANT FILES
/mnt/md0/for_prod/caravel_riscv_osu/verilog/gl/caravel.v
/mnt/md0/for_prod/caravel_riscv_osu/verilog/gl/user_proj_example.v
/mnt/md0/for_prod/caravel_riscv_osu/verilog/gl/mprj_logic_high.v
/mnt/md0/for_prod/caravel_riscv_osu/verilog/gl/mgmt_protect.v
/mnt/md0/for_prod/caravel_riscv_osu/verilog/gl/user_project_wrapper.v
/mnt/md0/for_prod/caravel_riscv_osu/verilog/gl/mgmt_protect_hv.v
/mnt/md0/for_prod/caravel_riscv_osu/verilog/gl/sky130_fd_sc_hvl__lsbufhv2lv_1_wrapped.v
/mnt/md0/for_prod/caravel_riscv_osu/verilog/gl/mprj2_logic_high.v
/mnt/md0/for_prod/caravel_riscv_osu/verilog/gl/chip_io.v
/mnt/md0/for_prod/caravel_riscv_osu/verilog/rtl/spimemio.v
/mnt/md0/for_prod/caravel_riscv_osu/verilog/rtl/mgmt_soc.v
/mnt/md0/for_prod/caravel_riscv_osu/verilog/rtl/mprj_logic_high.v
/mnt/md0/for_prod/caravel_riscv_osu/verilog/rtl/simpleuart.v
/mnt/md0/for_prod/caravel_riscv_osu/verilog/rtl/mprj2_logic_high.v
/mnt/md0/for_prod/caravel_riscv_osu/verilog/rtl/picorv32.v
/mnt/md0/for_prod/caravel_riscv_osu/verilog/dv/caravel/sections.lds
/mnt/md0/for_prod/caravel_riscv_osu/verilog/dv/caravel/spiflash.v
/mnt/md0/for_prod/caravel_riscv_osu/verilog/dv/caravel/tbuart.v
/mnt/md0/for_prod/caravel_riscv_osu/verilog/dv/caravel/start.s
/mnt/md0/for_prod/caravel_riscv_osu/verilog/dv/caravel/mgmt_soc/gpio/gpio_tb.v
/mnt/md0/for_prod/caravel_riscv_osu/verilog/dv/caravel/mgmt_soc/uart/uart_tb.v
/mnt/md0/for_prod/caravel_riscv_osu/verilog/dv/caravel/mgmt_soc/perf/perf_tb.v
/mnt/md0/for_prod/caravel_riscv_osu/verilog/dv/caravel/mgmt_soc/mem/mem_tb.v
/mnt/md0/for_prod/caravel_riscv_osu/verilog/dv/caravel/mgmt_soc/timer2/timer2_tb.v
/mnt/md0/for_prod/caravel_riscv_osu/verilog/dv/caravel/mgmt_soc/timer/timer_tb.v
/mnt/md0/for_prod/caravel_riscv_osu/verilog/dv/caravel/mgmt_soc/storage/storage_tb.v
/mnt/md0/for_prod/caravel_riscv_osu/spi/lvs/mgmt_protect_hv.spice
/mnt/md0/for_prod/caravel_riscv_osu/spi/lvs/user_proj_example.spice
/mnt/md0/for_prod/caravel_riscv_osu/spi/lvs/DFFRAM.spice
/mnt/md0/for_prod/caravel_riscv_osu/spi/lvs/gpio_control_block.spice
/mnt/md0/for_prod/caravel_riscv_osu/spi/lvs/mgmt_protect.spice
/mnt/md0/for_prod/caravel_riscv_osu/spi/lvs/mprj_logic_high.spice
/mnt/md0/for_prod/caravel_riscv_osu/spi/lvs/mgmt_core.spice
/mnt/md0/for_prod/caravel_riscv_osu/spi/lvs/chip_io.spice
/mnt/md0/for_prod/caravel_riscv_osu/spi/lvs/digital_pll.spice
/mnt/md0/for_prod/caravel_riscv_osu/spi/lvs/user_project_wrapper.spice
/mnt/md0/for_prod/caravel_riscv_osu/spi/lvs/mprj2_logic_high.spice
/mnt/md0/for_prod/caravel_riscv_osu/spi/lvs/user_id_programming.spice
/mnt/md0/for_prod/caravel_riscv_osu/spi/lvs/storage.spice
/mnt/md0/for_prod/caravel_riscv_osu/spi/lvs/simple_por.spice
/mnt/md0/for_prod/caravel_riscv_osu/spi/lvs/sky130_fd_sc_hvl__lsbufhv2lv_1_wrapped.spice
/mnt/md0/for_prod/caravel_riscv_osu/doc/caravel_datasheet.ps
/mnt/md0/for_prod/caravel_riscv_osu/openlane/chip_dimensions.txt
/mnt/md0/for_prod/caravel_riscv_osu/openlane/mgmt_protect/pdn.tcl
/mnt/md0/for_prod/caravel_riscv_osu/checks/mprj.magic.typelist
/mnt/md0/for_prod/caravel_riscv_osu/checks/caravel.magic.namelist
/mnt/md0/for_prod/caravel_riscv_osu/checks/mprj.magic.namelist
/mnt/md0/for_prod/caravel_riscv_osu/checks/caravel.magic.typelist
/mnt/md0/for_prod/caravel_riscv_osu/mag/clamp_list.txt
